2024-03-12T15:33:49.235+02:00  INFO 4448 --- [main] u.f.onlineshop.OnlineShopApplication     : Starting OnlineShopApplication using Java 21.0.1 with PID 4448 (C:\Projects\online-shop\target\classes started by vital in C:\Projects\online-shop)
2024-03-12T15:33:49.252+02:00  INFO 4448 --- [main] u.f.onlineshop.OnlineShopApplication     : No active profile set, falling back to 1 default profile: "default"
2024-03-12T15:33:51.332+02:00  INFO 4448 --- [main] .s.d.r.c.RepositoryConfigurationDelegate : Bootstrapping Spring Data JPA repositories in DEFAULT mode.
2024-03-12T15:33:51.464+02:00  INFO 4448 --- [main] .s.d.r.c.RepositoryConfigurationDelegate : Finished Spring Data repository scanning in 112 ms. Found 5 JPA repository interfaces.
2024-03-12T15:33:52.481+02:00  INFO 4448 --- [main] o.s.b.w.embedded.tomcat.TomcatWebServer  : Tomcat initialized with port 8080 (http)
2024-03-12T15:33:52.496+02:00  INFO 4448 --- [main] o.apache.catalina.core.StandardService   : Starting service [Tomcat]
2024-03-12T15:33:52.498+02:00  INFO 4448 --- [main] o.apache.catalina.core.StandardEngine    : Starting Servlet engine: [Apache Tomcat/10.1.19]
2024-03-12T15:33:52.574+02:00  INFO 4448 --- [main] o.a.c.c.C.[Tomcat].[localhost].[/]       : Initializing Spring embedded WebApplicationContext
2024-03-12T15:33:52.574+02:00  INFO 4448 --- [main] w.s.c.ServletWebServerApplicationContext : Root WebApplicationContext: initialization completed in 3231 ms
2024-03-12T15:33:52.705+02:00  INFO 4448 --- [main] com.zaxxer.hikari.HikariDataSource       : HikariPool-1 - Starting...
2024-03-12T15:33:53.119+02:00  INFO 4448 --- [main] com.zaxxer.hikari.pool.HikariPool        : HikariPool-1 - Added connection org.postgresql.jdbc.PgConnection@1c628f6a
2024-03-12T15:33:53.122+02:00  INFO 4448 --- [main] com.zaxxer.hikari.HikariDataSource       : HikariPool-1 - Start completed.
2024-03-12T15:33:53.260+02:00  INFO 4448 --- [main] o.hibernate.jpa.internal.util.LogHelper  : HHH000204: Processing PersistenceUnitInfo [name: default]
2024-03-12T15:33:53.368+02:00  INFO 4448 --- [main] org.hibernate.Version                    : HHH000412: Hibernate ORM core version 6.4.4.Final
2024-03-12T15:33:53.429+02:00  INFO 4448 --- [main] o.h.c.internal.RegionFactoryInitiator    : HHH000026: Second-level cache disabled
2024-03-12T15:33:53.906+02:00  INFO 4448 --- [main] o.s.o.j.p.SpringPersistenceUnitInfo      : No LoadTimeWeaver setup: ignoring JPA class transformer
2024-03-12T15:33:55.738+02:00  INFO 4448 --- [main] o.h.e.t.j.p.i.JtaPlatformInitiator       : HHH000489: No JTA platform available (set 'hibernate.transaction.jta.platform' to enable JTA platform integration)
2024-03-12T15:33:56.023+02:00  INFO 4448 --- [main] j.LocalContainerEntityManagerFactoryBean : Initialized JPA EntityManagerFactory for persistence unit 'default'
2024-03-12T15:33:56.624+02:00  WARN 4448 --- [main] JpaBaseConfiguration$JpaWebConfiguration : spring.jpa.open-in-view is enabled by default. Therefore, database queries may be performed during view rendering. Explicitly configure spring.jpa.open-in-view to disable this warning
2024-03-12T15:33:57.327+02:00  INFO 4448 --- [main] o.s.b.w.embedded.tomcat.TomcatWebServer  : Tomcat started on port 8080 (http) with context path ''
2024-03-12T15:33:57.338+02:00  INFO 4448 --- [main] u.f.onlineshop.OnlineShopApplication     : Started OnlineShopApplication in 9.078 seconds (process running for 10.586)
2024-03-12T15:38:13.756+02:00  INFO 4448 --- [http-nio-8080-exec-1] o.a.c.c.C.[Tomcat].[localhost].[/]       : Initializing Spring DispatcherServlet 'dispatcherServlet'
2024-03-12T15:38:13.758+02:00  INFO 4448 --- [http-nio-8080-exec-1] o.s.web.servlet.DispatcherServlet        : Initializing Servlet 'dispatcherServlet'
2024-03-12T15:38:13.773+02:00  INFO 4448 --- [http-nio-8080-exec-1] o.s.web.servlet.DispatcherServlet        : Completed initialization in 14 ms
2024-03-12T15:47:15.646+02:00  INFO 4448 --- [SpringApplicationShutdownHook] j.LocalContainerEntityManagerFactoryBean : Closing JPA EntityManagerFactory for persistence unit 'default'
2024-03-12T15:47:15.680+02:00  INFO 4448 --- [SpringApplicationShutdownHook] com.zaxxer.hikari.HikariDataSource       : HikariPool-1 - Shutdown initiated...
2024-03-12T15:47:15.701+02:00  INFO 4448 --- [SpringApplicationShutdownHook] com.zaxxer.hikari.HikariDataSource       : HikariPool-1 - Shutdown completed.
2024-03-12T15:47:37.515+02:00  INFO 14412 --- [main] u.f.onlineshop.OnlineShopApplication     : Starting OnlineShopApplication using Java 21.0.1 with PID 14412 (C:\Projects\online-shop\target\classes started by vital in C:\Projects\online-shop)
2024-03-12T15:47:37.519+02:00  INFO 14412 --- [main] u.f.onlineshop.OnlineShopApplication     : No active profile set, falling back to 1 default profile: "default"
2024-03-12T15:47:38.982+02:00  INFO 14412 --- [main] .s.d.r.c.RepositoryConfigurationDelegate : Bootstrapping Spring Data JPA repositories in DEFAULT mode.
2024-03-12T15:47:39.144+02:00  INFO 14412 --- [main] .s.d.r.c.RepositoryConfigurationDelegate : Finished Spring Data repository scanning in 145 ms. Found 5 JPA repository interfaces.
2024-03-12T15:47:40.140+02:00  INFO 14412 --- [main] o.s.b.w.embedded.tomcat.TomcatWebServer  : Tomcat initialized with port 8080 (http)
2024-03-12T15:47:40.179+02:00  INFO 14412 --- [main] o.apache.catalina.core.StandardService   : Starting service [Tomcat]
2024-03-12T15:47:40.180+02:00  INFO 14412 --- [main] o.apache.catalina.core.StandardEngine    : Starting Servlet engine: [Apache Tomcat/10.1.19]
2024-03-12T15:47:40.314+02:00  INFO 14412 --- [main] o.a.c.c.C.[Tomcat].[localhost].[/]       : Initializing Spring embedded WebApplicationContext
2024-03-12T15:47:40.314+02:00  INFO 14412 --- [main] w.s.c.ServletWebServerApplicationContext : Root WebApplicationContext: initialization completed in 2715 ms
2024-03-12T15:47:40.563+02:00  INFO 14412 --- [main] com.zaxxer.hikari.HikariDataSource       : HikariPool-1 - Starting...
2024-03-12T15:47:41.093+02:00  INFO 14412 --- [main] com.zaxxer.hikari.pool.HikariPool        : HikariPool-1 - Added connection org.postgresql.jdbc.PgConnection@3bb9ca38
2024-03-12T15:47:41.099+02:00  INFO 14412 --- [main] com.zaxxer.hikari.HikariDataSource       : HikariPool-1 - Start completed.
2024-03-12T15:47:41.275+02:00  INFO 14412 --- [main] o.hibernate.jpa.internal.util.LogHelper  : HHH000204: Processing PersistenceUnitInfo [name: default]
2024-03-12T15:47:41.400+02:00  INFO 14412 --- [main] org.hibernate.Version                    : HHH000412: Hibernate ORM core version 6.4.4.Final
2024-03-12T15:47:41.458+02:00  INFO 14412 --- [main] o.h.c.internal.RegionFactoryInitiator    : HHH000026: Second-level cache disabled
2024-03-12T15:47:42.002+02:00  INFO 14412 --- [main] o.s.o.j.p.SpringPersistenceUnitInfo      : No LoadTimeWeaver setup: ignoring JPA class transformer
2024-03-12T15:47:44.162+02:00  INFO 14412 --- [main] o.h.e.t.j.p.i.JtaPlatformInitiator       : HHH000489: No JTA platform available (set 'hibernate.transaction.jta.platform' to enable JTA platform integration)
2024-03-12T15:47:44.403+02:00  INFO 14412 --- [main] j.LocalContainerEntityManagerFactoryBean : Initialized JPA EntityManagerFactory for persistence unit 'default'
2024-03-12T15:47:45.062+02:00  WARN 14412 --- [main] JpaBaseConfiguration$JpaWebConfiguration : spring.jpa.open-in-view is enabled by default. Therefore, database queries may be performed during view rendering. Explicitly configure spring.jpa.open-in-view to disable this warning
2024-03-12T15:47:45.815+02:00  INFO 14412 --- [main] o.s.b.w.embedded.tomcat.TomcatWebServer  : Tomcat started on port 8080 (http) with context path ''
2024-03-12T15:47:45.827+02:00  INFO 14412 --- [main] u.f.onlineshop.OnlineShopApplication     : Started OnlineShopApplication in 9.24 seconds (process running for 11.991)
2024-03-12T15:47:48.634+02:00  INFO 14412 --- [http-nio-8080-exec-1] o.a.c.c.C.[Tomcat].[localhost].[/]       : Initializing Spring DispatcherServlet 'dispatcherServlet'
2024-03-12T15:47:48.635+02:00  INFO 14412 --- [http-nio-8080-exec-1] o.s.web.servlet.DispatcherServlet        : Initializing Servlet 'dispatcherServlet'
2024-03-12T15:47:48.639+02:00  INFO 14412 --- [http-nio-8080-exec-1] o.s.web.servlet.DispatcherServlet        : Completed initialization in 3 ms
2024-03-12T15:47:48.678+02:00  WARN 14412 --- [http-nio-8080-exec-1] .w.s.m.s.DefaultHandlerExceptionResolver : Resolved [org.springframework.web.HttpRequestMethodNotSupportedException: Request method 'POST' is not supported]
2024-03-12T16:12:55.211+02:00  INFO 14412 --- [SpringApplicationShutdownHook] j.LocalContainerEntityManagerFactoryBean : Closing JPA EntityManagerFactory for persistence unit 'default'
2024-03-12T16:12:55.232+02:00  INFO 14412 --- [SpringApplicationShutdownHook] com.zaxxer.hikari.HikariDataSource       : HikariPool-1 - Shutdown initiated...
2024-03-12T16:12:55.246+02:00  INFO 14412 --- [SpringApplicationShutdownHook] com.zaxxer.hikari.HikariDataSource       : HikariPool-1 - Shutdown completed.
2024-03-12T16:13:03.662+02:00  INFO 14752 --- [main] u.f.onlineshop.OnlineShopApplication     : Starting OnlineShopApplication using Java 21.0.1 with PID 14752 (C:\Projects\online-shop\target\classes started by vital in C:\Projects\online-shop)
2024-03-12T16:13:03.665+02:00  INFO 14752 --- [main] u.f.onlineshop.OnlineShopApplication     : No active profile set, falling back to 1 default profile: "default"
2024-03-12T16:13:04.880+02:00  INFO 14752 --- [main] .s.d.r.c.RepositoryConfigurationDelegate : Bootstrapping Spring Data JPA repositories in DEFAULT mode.
2024-03-12T16:13:04.982+02:00  INFO 14752 --- [main] .s.d.r.c.RepositoryConfigurationDelegate : Finished Spring Data repository scanning in 90 ms. Found 5 JPA repository interfaces.
2024-03-12T16:13:05.801+02:00  INFO 14752 --- [main] o.s.b.w.embedded.tomcat.TomcatWebServer  : Tomcat initialized with port 8080 (http)
2024-03-12T16:13:05.819+02:00  INFO 14752 --- [main] o.apache.catalina.core.StandardService   : Starting service [Tomcat]
2024-03-12T16:13:05.819+02:00  INFO 14752 --- [main] o.apache.catalina.core.StandardEngine    : Starting Servlet engine: [Apache Tomcat/10.1.19]
2024-03-12T16:13:05.900+02:00  INFO 14752 --- [main] o.a.c.c.C.[Tomcat].[localhost].[/]       : Initializing Spring embedded WebApplicationContext
2024-03-12T16:13:05.902+02:00  INFO 14752 --- [main] w.s.c.ServletWebServerApplicationContext : Root WebApplicationContext: initialization completed in 2159 ms
2024-03-12T16:13:06.037+02:00  INFO 14752 --- [main] com.zaxxer.hikari.HikariDataSource       : HikariPool-1 - Starting...
2024-03-12T16:13:06.329+02:00  INFO 14752 --- [main] com.zaxxer.hikari.pool.HikariPool        : HikariPool-1 - Added connection org.postgresql.jdbc.PgConnection@2f79f192
2024-03-12T16:13:06.332+02:00  INFO 14752 --- [main] com.zaxxer.hikari.HikariDataSource       : HikariPool-1 - Start completed.
2024-03-12T16:13:06.478+02:00  INFO 14752 --- [main] o.hibernate.jpa.internal.util.LogHelper  : HHH000204: Processing PersistenceUnitInfo [name: default]
2024-03-12T16:13:06.579+02:00  INFO 14752 --- [main] org.hibernate.Version                    : HHH000412: Hibernate ORM core version 6.4.4.Final
2024-03-12T16:13:06.631+02:00  INFO 14752 --- [main] o.h.c.internal.RegionFactoryInitiator    : HHH000026: Second-level cache disabled
2024-03-12T16:13:07.021+02:00  INFO 14752 --- [main] o.s.o.j.p.SpringPersistenceUnitInfo      : No LoadTimeWeaver setup: ignoring JPA class transformer
2024-03-12T16:13:08.810+02:00  INFO 14752 --- [main] o.h.e.t.j.p.i.JtaPlatformInitiator       : HHH000489: No JTA platform available (set 'hibernate.transaction.jta.platform' to enable JTA platform integration)
2024-03-12T16:13:08.993+02:00  INFO 14752 --- [main] j.LocalContainerEntityManagerFactoryBean : Initialized JPA EntityManagerFactory for persistence unit 'default'
2024-03-12T16:13:09.509+02:00  WARN 14752 --- [main] ConfigServletWebServerApplicationContext : Exception encountered during context initialization - cancelling refresh attempt: org.springframework.beans.factory.UnsatisfiedDependencyException: Error creating bean with name 'cartController' defined in file [C:\Projects\online-shop\target\classes\ua\flaer\onlineshop\controllers\CartController.class]: Unsatisfied dependency expressed through constructor parameter 1: No qualifying bean of type 'ua.flaer.onlineshop.mappers.Mapper<ua.flaer.onlineshop.model.dto.CartItemDto, ua.flaer.onlineshop.model.dto.CartItemRequestDto>' available: expected at least 1 bean which qualifies as autowire candidate. Dependency annotations: {}
2024-03-12T16:13:09.509+02:00  INFO 14752 --- [main] j.LocalContainerEntityManagerFactoryBean : Closing JPA EntityManagerFactory for persistence unit 'default'
2024-03-12T16:13:09.512+02:00  INFO 14752 --- [main] com.zaxxer.hikari.HikariDataSource       : HikariPool-1 - Shutdown initiated...
2024-03-12T16:13:09.523+02:00  INFO 14752 --- [main] com.zaxxer.hikari.HikariDataSource       : HikariPool-1 - Shutdown completed.
2024-03-12T16:13:09.530+02:00  INFO 14752 --- [main] o.apache.catalina.core.StandardService   : Stopping service [Tomcat]
2024-03-12T16:13:09.549+02:00  INFO 14752 --- [main] .s.b.a.l.ConditionEvaluationReportLogger : 

Error starting ApplicationContext. To display the condition evaluation report re-run your application with 'debug' enabled.
2024-03-12T16:13:09.602+02:00 ERROR 14752 --- [main] o.s.b.d.LoggingFailureAnalysisReporter   : 

***************************
APPLICATION FAILED TO START
***************************

Description:

Parameter 1 of constructor in ua.flaer.onlineshop.controllers.CartController required a bean of type 'ua.flaer.onlineshop.mappers.Mapper' that could not be found.


Action:

Consider defining a bean of type 'ua.flaer.onlineshop.mappers.Mapper' in your configuration.

2024-03-12T16:13:37.753+02:00  INFO 15888 --- [main] u.f.onlineshop.OnlineShopApplication     : Starting OnlineShopApplication using Java 21.0.1 with PID 15888 (C:\Projects\online-shop\target\classes started by vital in C:\Projects\online-shop)
2024-03-12T16:13:37.756+02:00  INFO 15888 --- [main] u.f.onlineshop.OnlineShopApplication     : No active profile set, falling back to 1 default profile: "default"
2024-03-12T16:13:38.770+02:00  INFO 15888 --- [main] .s.d.r.c.RepositoryConfigurationDelegate : Bootstrapping Spring Data JPA repositories in DEFAULT mode.
2024-03-12T16:13:38.860+02:00  INFO 15888 --- [main] .s.d.r.c.RepositoryConfigurationDelegate : Finished Spring Data repository scanning in 80 ms. Found 5 JPA repository interfaces.
2024-03-12T16:13:39.664+02:00  INFO 15888 --- [main] o.s.b.w.embedded.tomcat.TomcatWebServer  : Tomcat initialized with port 8080 (http)
2024-03-12T16:13:39.691+02:00  INFO 15888 --- [main] o.apache.catalina.core.StandardService   : Starting service [Tomcat]
2024-03-12T16:13:39.692+02:00  INFO 15888 --- [main] o.apache.catalina.core.StandardEngine    : Starting Servlet engine: [Apache Tomcat/10.1.19]
2024-03-12T16:13:39.770+02:00  INFO 15888 --- [main] o.a.c.c.C.[Tomcat].[localhost].[/]       : Initializing Spring embedded WebApplicationContext
2024-03-12T16:13:39.771+02:00  INFO 15888 --- [main] w.s.c.ServletWebServerApplicationContext : Root WebApplicationContext: initialization completed in 1956 ms
2024-03-12T16:13:39.919+02:00  INFO 15888 --- [main] com.zaxxer.hikari.HikariDataSource       : HikariPool-1 - Starting...
2024-03-12T16:13:40.180+02:00  INFO 15888 --- [main] com.zaxxer.hikari.pool.HikariPool        : HikariPool-1 - Added connection org.postgresql.jdbc.PgConnection@1b57c345
2024-03-12T16:13:40.183+02:00  INFO 15888 --- [main] com.zaxxer.hikari.HikariDataSource       : HikariPool-1 - Start completed.
2024-03-12T16:13:40.314+02:00  INFO 15888 --- [main] o.hibernate.jpa.internal.util.LogHelper  : HHH000204: Processing PersistenceUnitInfo [name: default]
2024-03-12T16:13:40.398+02:00  INFO 15888 --- [main] org.hibernate.Version                    : HHH000412: Hibernate ORM core version 6.4.4.Final
2024-03-12T16:13:40.453+02:00  INFO 15888 --- [main] o.h.c.internal.RegionFactoryInitiator    : HHH000026: Second-level cache disabled
2024-03-12T16:13:40.793+02:00  INFO 15888 --- [main] o.s.o.j.p.SpringPersistenceUnitInfo      : No LoadTimeWeaver setup: ignoring JPA class transformer
2024-03-12T16:13:42.370+02:00  INFO 15888 --- [main] o.h.e.t.j.p.i.JtaPlatformInitiator       : HHH000489: No JTA platform available (set 'hibernate.transaction.jta.platform' to enable JTA platform integration)
2024-03-12T16:13:42.546+02:00  INFO 15888 --- [main] j.LocalContainerEntityManagerFactoryBean : Initialized JPA EntityManagerFactory for persistence unit 'default'
2024-03-12T16:13:42.980+02:00  WARN 15888 --- [main] ConfigServletWebServerApplicationContext : Exception encountered during context initialization - cancelling refresh attempt: org.springframework.beans.factory.UnsatisfiedDependencyException: Error creating bean with name 'cartController' defined in file [C:\Projects\online-shop\target\classes\ua\flaer\onlineshop\controllers\CartController.class]: Unsatisfied dependency expressed through constructor parameter 1: No qualifying bean of type 'ua.flaer.onlineshop.mappers.Mapper<ua.flaer.onlineshop.model.dto.CartItemDto, ua.flaer.onlineshop.model.dto.CartItemRequestDto>' available: expected at least 1 bean which qualifies as autowire candidate. Dependency annotations: {}
2024-03-12T16:13:42.982+02:00  INFO 15888 --- [main] j.LocalContainerEntityManagerFactoryBean : Closing JPA EntityManagerFactory for persistence unit 'default'
2024-03-12T16:13:42.984+02:00  INFO 15888 --- [main] com.zaxxer.hikari.HikariDataSource       : HikariPool-1 - Shutdown initiated...
2024-03-12T16:13:42.991+02:00  INFO 15888 --- [main] com.zaxxer.hikari.HikariDataSource       : HikariPool-1 - Shutdown completed.
2024-03-12T16:13:42.994+02:00  INFO 15888 --- [main] o.apache.catalina.core.StandardService   : Stopping service [Tomcat]
2024-03-12T16:13:43.013+02:00  INFO 15888 --- [main] .s.b.a.l.ConditionEvaluationReportLogger : 

Error starting ApplicationContext. To display the condition evaluation report re-run your application with 'debug' enabled.
2024-03-12T16:13:43.076+02:00 ERROR 15888 --- [main] o.s.b.d.LoggingFailureAnalysisReporter   : 

***************************
APPLICATION FAILED TO START
***************************

Description:

Parameter 1 of constructor in ua.flaer.onlineshop.controllers.CartController required a bean of type 'ua.flaer.onlineshop.mappers.Mapper' that could not be found.


Action:

Consider defining a bean of type 'ua.flaer.onlineshop.mappers.Mapper' in your configuration.

2024-03-12T16:14:34.546+02:00  INFO 12384 --- [main] u.f.onlineshop.OnlineShopApplication     : Starting OnlineShopApplication using Java 21.0.1 with PID 12384 (C:\Projects\online-shop\target\classes started by vital in C:\Projects\online-shop)
2024-03-12T16:14:34.551+02:00  INFO 12384 --- [main] u.f.onlineshop.OnlineShopApplication     : No active profile set, falling back to 1 default profile: "default"
2024-03-12T16:14:35.777+02:00  INFO 12384 --- [main] .s.d.r.c.RepositoryConfigurationDelegate : Bootstrapping Spring Data JPA repositories in DEFAULT mode.
2024-03-12T16:14:35.904+02:00  INFO 12384 --- [main] .s.d.r.c.RepositoryConfigurationDelegate : Finished Spring Data repository scanning in 114 ms. Found 5 JPA repository interfaces.
2024-03-12T16:14:36.800+02:00  INFO 12384 --- [main] o.s.b.w.embedded.tomcat.TomcatWebServer  : Tomcat initialized with port 8080 (http)
2024-03-12T16:14:36.822+02:00  INFO 12384 --- [main] o.apache.catalina.core.StandardService   : Starting service [Tomcat]
2024-03-12T16:14:36.823+02:00  INFO 12384 --- [main] o.apache.catalina.core.StandardEngine    : Starting Servlet engine: [Apache Tomcat/10.1.19]
2024-03-12T16:14:36.928+02:00  INFO 12384 --- [main] o.a.c.c.C.[Tomcat].[localhost].[/]       : Initializing Spring embedded WebApplicationContext
2024-03-12T16:14:36.929+02:00  INFO 12384 --- [main] w.s.c.ServletWebServerApplicationContext : Root WebApplicationContext: initialization completed in 2304 ms
2024-03-12T16:14:37.094+02:00  INFO 12384 --- [main] com.zaxxer.hikari.HikariDataSource       : HikariPool-1 - Starting...
2024-03-12T16:14:37.505+02:00  INFO 12384 --- [main] com.zaxxer.hikari.pool.HikariPool        : HikariPool-1 - Added connection org.postgresql.jdbc.PgConnection@902fdbe
2024-03-12T16:14:37.509+02:00  INFO 12384 --- [main] com.zaxxer.hikari.HikariDataSource       : HikariPool-1 - Start completed.
2024-03-12T16:14:37.634+02:00  INFO 12384 --- [main] o.hibernate.jpa.internal.util.LogHelper  : HHH000204: Processing PersistenceUnitInfo [name: default]
2024-03-12T16:14:37.708+02:00  INFO 12384 --- [main] org.hibernate.Version                    : HHH000412: Hibernate ORM core version 6.4.4.Final
2024-03-12T16:14:37.798+02:00  INFO 12384 --- [main] o.h.c.internal.RegionFactoryInitiator    : HHH000026: Second-level cache disabled
2024-03-12T16:14:38.375+02:00  INFO 12384 --- [main] o.s.o.j.p.SpringPersistenceUnitInfo      : No LoadTimeWeaver setup: ignoring JPA class transformer
2024-03-12T16:14:40.075+02:00  INFO 12384 --- [main] o.h.e.t.j.p.i.JtaPlatformInitiator       : HHH000489: No JTA platform available (set 'hibernate.transaction.jta.platform' to enable JTA platform integration)
2024-03-12T16:14:40.301+02:00  INFO 12384 --- [main] j.LocalContainerEntityManagerFactoryBean : Initialized JPA EntityManagerFactory for persistence unit 'default'
2024-03-12T16:14:40.837+02:00  WARN 12384 --- [main] JpaBaseConfiguration$JpaWebConfiguration : spring.jpa.open-in-view is enabled by default. Therefore, database queries may be performed during view rendering. Explicitly configure spring.jpa.open-in-view to disable this warning
2024-03-12T16:14:41.492+02:00  INFO 12384 --- [main] o.s.b.w.embedded.tomcat.TomcatWebServer  : Tomcat started on port 8080 (http) with context path ''
2024-03-12T16:14:41.504+02:00  INFO 12384 --- [main] u.f.onlineshop.OnlineShopApplication     : Started OnlineShopApplication in 7.92 seconds (process running for 9.021)
2024-03-12T16:14:54.930+02:00  INFO 12384 --- [http-nio-8080-exec-1] o.a.c.c.C.[Tomcat].[localhost].[/]       : Initializing Spring DispatcherServlet 'dispatcherServlet'
2024-03-12T16:14:54.933+02:00  INFO 12384 --- [http-nio-8080-exec-1] o.s.web.servlet.DispatcherServlet        : Initializing Servlet 'dispatcherServlet'
2024-03-12T16:14:54.945+02:00  INFO 12384 --- [http-nio-8080-exec-1] o.s.web.servlet.DispatcherServlet        : Completed initialization in 11 ms
2024-03-12T16:31:04.391+02:00  INFO 12384 --- [SpringApplicationShutdownHook] j.LocalContainerEntityManagerFactoryBean : Closing JPA EntityManagerFactory for persistence unit 'default'
2024-03-12T16:31:04.407+02:00  INFO 12384 --- [SpringApplicationShutdownHook] com.zaxxer.hikari.HikariDataSource       : HikariPool-1 - Shutdown initiated...
2024-03-12T16:31:04.426+02:00  INFO 12384 --- [SpringApplicationShutdownHook] com.zaxxer.hikari.HikariDataSource       : HikariPool-1 - Shutdown completed.
2024-03-12T16:31:13.775+02:00  INFO 7332 --- [main] u.f.onlineshop.OnlineShopApplication     : Starting OnlineShopApplication using Java 21.0.1 with PID 7332 (C:\Projects\online-shop\target\classes started by vital in C:\Projects\online-shop)
2024-03-12T16:31:13.780+02:00  INFO 7332 --- [main] u.f.onlineshop.OnlineShopApplication     : No active profile set, falling back to 1 default profile: "default"
2024-03-12T16:31:15.412+02:00  INFO 7332 --- [main] .s.d.r.c.RepositoryConfigurationDelegate : Bootstrapping Spring Data JPA repositories in DEFAULT mode.
2024-03-12T16:31:15.573+02:00  INFO 7332 --- [main] .s.d.r.c.RepositoryConfigurationDelegate : Finished Spring Data repository scanning in 146 ms. Found 5 JPA repository interfaces.
2024-03-12T16:31:16.688+02:00  INFO 7332 --- [main] o.s.b.w.embedded.tomcat.TomcatWebServer  : Tomcat initialized with port 8080 (http)
2024-03-12T16:31:16.710+02:00  INFO 7332 --- [main] o.apache.catalina.core.StandardService   : Starting service [Tomcat]
2024-03-12T16:31:16.711+02:00  INFO 7332 --- [main] o.apache.catalina.core.StandardEngine    : Starting Servlet engine: [Apache Tomcat/10.1.19]
2024-03-12T16:31:16.806+02:00  INFO 7332 --- [main] o.a.c.c.C.[Tomcat].[localhost].[/]       : Initializing Spring embedded WebApplicationContext
2024-03-12T16:31:16.807+02:00  INFO 7332 --- [main] w.s.c.ServletWebServerApplicationContext : Root WebApplicationContext: initialization completed in 2946 ms
2024-03-12T16:31:16.965+02:00  INFO 7332 --- [main] com.zaxxer.hikari.HikariDataSource       : HikariPool-1 - Starting...
2024-03-12T16:31:17.384+02:00  INFO 7332 --- [main] com.zaxxer.hikari.pool.HikariPool        : HikariPool-1 - Added connection org.postgresql.jdbc.PgConnection@5fdfe8cf
2024-03-12T16:31:17.388+02:00  INFO 7332 --- [main] com.zaxxer.hikari.HikariDataSource       : HikariPool-1 - Start completed.
2024-03-12T16:31:17.542+02:00  INFO 7332 --- [main] o.hibernate.jpa.internal.util.LogHelper  : HHH000204: Processing PersistenceUnitInfo [name: default]
2024-03-12T16:31:17.658+02:00  INFO 7332 --- [main] org.hibernate.Version                    : HHH000412: Hibernate ORM core version 6.4.4.Final
2024-03-12T16:31:17.724+02:00  INFO 7332 --- [main] o.h.c.internal.RegionFactoryInitiator    : HHH000026: Second-level cache disabled
2024-03-12T16:31:18.143+02:00  INFO 7332 --- [main] o.s.o.j.p.SpringPersistenceUnitInfo      : No LoadTimeWeaver setup: ignoring JPA class transformer
2024-03-12T16:31:20.002+02:00  INFO 7332 --- [main] o.h.e.t.j.p.i.JtaPlatformInitiator       : HHH000489: No JTA platform available (set 'hibernate.transaction.jta.platform' to enable JTA platform integration)
2024-03-12T16:31:20.221+02:00  INFO 7332 --- [main] j.LocalContainerEntityManagerFactoryBean : Initialized JPA EntityManagerFactory for persistence unit 'default'
2024-03-12T16:31:20.889+02:00  WARN 7332 --- [main] JpaBaseConfiguration$JpaWebConfiguration : spring.jpa.open-in-view is enabled by default. Therefore, database queries may be performed during view rendering. Explicitly configure spring.jpa.open-in-view to disable this warning
2024-03-12T16:31:21.595+02:00  INFO 7332 --- [main] o.s.b.w.embedded.tomcat.TomcatWebServer  : Tomcat started on port 8080 (http) with context path ''
2024-03-12T16:31:21.608+02:00  INFO 7332 --- [main] u.f.onlineshop.OnlineShopApplication     : Started OnlineShopApplication in 8.727 seconds (process running for 10.108)
2024-03-12T16:31:52.532+02:00  INFO 7332 --- [http-nio-8080-exec-2] o.a.c.c.C.[Tomcat].[localhost].[/]       : Initializing Spring DispatcherServlet 'dispatcherServlet'
2024-03-12T16:31:52.535+02:00  INFO 7332 --- [http-nio-8080-exec-2] o.s.web.servlet.DispatcherServlet        : Initializing Servlet 'dispatcherServlet'
2024-03-12T16:31:52.548+02:00  INFO 7332 --- [http-nio-8080-exec-2] o.s.web.servlet.DispatcherServlet        : Completed initialization in 12 ms
2024-03-12T16:31:53.134+02:00 ERROR 7332 --- [http-nio-8080-exec-2] o.a.c.c.C.[.[.[/].[dispatcherServlet]    : Servlet.service() for servlet [dispatcherServlet] in context with path [] threw exception [Request processing failed: java.lang.NullPointerException: Cannot invoke "ua.flaer.onlineshop.model.entities.Category.getId()" because the return value of "ua.flaer.onlineshop.model.entities.Product.getCategory()" is null] with root cause

java.lang.NullPointerException: Cannot invoke "ua.flaer.onlineshop.model.entities.Category.getId()" because the return value of "ua.flaer.onlineshop.model.entities.Product.getCategory()" is null
	at ua.flaer.onlineshop.mappers.impls.ProductMapper.mapTo(ProductMapper.java:26) ~[classes/:na]
	at ua.flaer.onlineshop.mappers.impls.ProductMapper.mapTo(ProductMapper.java:10) ~[classes/:na]
	at ua.flaer.onlineshop.services.impls.ProductServiceImpl.lambda$getProducts$0(ProductServiceImpl.java:39) ~[classes/:na]
	at java.base/java.util.stream.ReferencePipeline$3$1.accept(ReferencePipeline.java:197) ~[na:na]
	at java.base/java.util.ArrayList$ArrayListSpliterator.forEachRemaining(ArrayList.java:1708) ~[na:na]
	at java.base/java.util.stream.AbstractPipeline.copyInto(AbstractPipeline.java:509) ~[na:na]
	at java.base/java.util.stream.AbstractPipeline.wrapAndCopyInto(AbstractPipeline.java:499) ~[na:na]
	at java.base/java.util.stream.ReduceOps$ReduceOp.evaluateSequential(ReduceOps.java:921) ~[na:na]
	at java.base/java.util.stream.AbstractPipeline.evaluate(AbstractPipeline.java:234) ~[na:na]
	at java.base/java.util.stream.ReferencePipeline.collect(ReferencePipeline.java:682) ~[na:na]
	at ua.flaer.onlineshop.services.impls.ProductServiceImpl.getProducts(ProductServiceImpl.java:40) ~[classes/:na]
	at ua.flaer.onlineshop.controllers.ProductController.getProducts(ProductController.java:30) ~[classes/:na]
	at java.base/jdk.internal.reflect.DirectMethodHandleAccessor.invoke(DirectMethodHandleAccessor.java:103) ~[na:na]
	at java.base/java.lang.reflect.Method.invoke(Method.java:580) ~[na:na]
	at org.springframework.web.method.support.InvocableHandlerMethod.doInvoke(InvocableHandlerMethod.java:259) ~[spring-web-6.1.4.jar:6.1.4]
	at org.springframework.web.method.support.InvocableHandlerMethod.invokeForRequest(InvocableHandlerMethod.java:192) ~[spring-web-6.1.4.jar:6.1.4]
	at org.springframework.web.servlet.mvc.method.annotation.ServletInvocableHandlerMethod.invokeAndHandle(ServletInvocableHandlerMethod.java:118) ~[spring-webmvc-6.1.4.jar:6.1.4]
	at org.springframework.web.servlet.mvc.method.annotation.RequestMappingHandlerAdapter.invokeHandlerMethod(RequestMappingHandlerAdapter.java:920) ~[spring-webmvc-6.1.4.jar:6.1.4]
	at org.springframework.web.servlet.mvc.method.annotation.RequestMappingHandlerAdapter.handleInternal(RequestMappingHandlerAdapter.java:830) ~[spring-webmvc-6.1.4.jar:6.1.4]
	at org.springframework.web.servlet.mvc.method.AbstractHandlerMethodAdapter.handle(AbstractHandlerMethodAdapter.java:87) ~[spring-webmvc-6.1.4.jar:6.1.4]
	at org.springframework.web.servlet.DispatcherServlet.doDispatch(DispatcherServlet.java:1089) ~[spring-webmvc-6.1.4.jar:6.1.4]
	at org.springframework.web.servlet.DispatcherServlet.doService(DispatcherServlet.java:979) ~[spring-webmvc-6.1.4.jar:6.1.4]
	at org.springframework.web.servlet.FrameworkServlet.processRequest(FrameworkServlet.java:1014) ~[spring-webmvc-6.1.4.jar:6.1.4]
	at org.springframework.web.servlet.FrameworkServlet.doGet(FrameworkServlet.java:903) ~[spring-webmvc-6.1.4.jar:6.1.4]
	at jakarta.servlet.http.HttpServlet.service(HttpServlet.java:564) ~[tomcat-embed-core-10.1.19.jar:6.0]
	at org.springframework.web.servlet.FrameworkServlet.service(FrameworkServlet.java:885) ~[spring-webmvc-6.1.4.jar:6.1.4]
	at jakarta.servlet.http.HttpServlet.service(HttpServlet.java:658) ~[tomcat-embed-core-10.1.19.jar:6.0]
	at org.apache.catalina.core.ApplicationFilterChain.internalDoFilter(ApplicationFilterChain.java:205) ~[tomcat-embed-core-10.1.19.jar:10.1.19]
	at org.apache.catalina.core.ApplicationFilterChain.doFilter(ApplicationFilterChain.java:149) ~[tomcat-embed-core-10.1.19.jar:10.1.19]
	at org.apache.tomcat.websocket.server.WsFilter.doFilter(WsFilter.java:51) ~[tomcat-embed-websocket-10.1.19.jar:10.1.19]
	at org.apache.catalina.core.ApplicationFilterChain.internalDoFilter(ApplicationFilterChain.java:174) ~[tomcat-embed-core-10.1.19.jar:10.1.19]
	at org.apache.catalina.core.ApplicationFilterChain.doFilter(ApplicationFilterChain.java:149) ~[tomcat-embed-core-10.1.19.jar:10.1.19]
	at org.springframework.web.filter.RequestContextFilter.doFilterInternal(RequestContextFilter.java:100) ~[spring-web-6.1.4.jar:6.1.4]
	at org.springframework.web.filter.OncePerRequestFilter.doFilter(OncePerRequestFilter.java:116) ~[spring-web-6.1.4.jar:6.1.4]
	at org.apache.catalina.core.ApplicationFilterChain.internalDoFilter(ApplicationFilterChain.java:174) ~[tomcat-embed-core-10.1.19.jar:10.1.19]
	at org.apache.catalina.core.ApplicationFilterChain.doFilter(ApplicationFilterChain.java:149) ~[tomcat-embed-core-10.1.19.jar:10.1.19]
	at org.springframework.web.filter.FormContentFilter.doFilterInternal(FormContentFilter.java:93) ~[spring-web-6.1.4.jar:6.1.4]
	at org.springframework.web.filter.OncePerRequestFilter.doFilter(OncePerRequestFilter.java:116) ~[spring-web-6.1.4.jar:6.1.4]
	at org.apache.catalina.core.ApplicationFilterChain.internalDoFilter(ApplicationFilterChain.java:174) ~[tomcat-embed-core-10.1.19.jar:10.1.19]
	at org.apache.catalina.core.ApplicationFilterChain.doFilter(ApplicationFilterChain.java:149) ~[tomcat-embed-core-10.1.19.jar:10.1.19]
	at org.springframework.web.filter.CharacterEncodingFilter.doFilterInternal(CharacterEncodingFilter.java:201) ~[spring-web-6.1.4.jar:6.1.4]
	at org.springframework.web.filter.OncePerRequestFilter.doFilter(OncePerRequestFilter.java:116) ~[spring-web-6.1.4.jar:6.1.4]
	at org.apache.catalina.core.ApplicationFilterChain.internalDoFilter(ApplicationFilterChain.java:174) ~[tomcat-embed-core-10.1.19.jar:10.1.19]
	at org.apache.catalina.core.ApplicationFilterChain.doFilter(ApplicationFilterChain.java:149) ~[tomcat-embed-core-10.1.19.jar:10.1.19]
	at org.apache.catalina.core.StandardWrapperValve.invoke(StandardWrapperValve.java:167) ~[tomcat-embed-core-10.1.19.jar:10.1.19]
	at org.apache.catalina.core.StandardContextValve.invoke(StandardContextValve.java:90) ~[tomcat-embed-core-10.1.19.jar:10.1.19]
	at org.apache.catalina.authenticator.AuthenticatorBase.invoke(AuthenticatorBase.java:482) ~[tomcat-embed-core-10.1.19.jar:10.1.19]
	at org.apache.catalina.core.StandardHostValve.invoke(StandardHostValve.java:115) ~[tomcat-embed-core-10.1.19.jar:10.1.19]
	at org.apache.catalina.valves.ErrorReportValve.invoke(ErrorReportValve.java:93) ~[tomcat-embed-core-10.1.19.jar:10.1.19]
	at org.apache.catalina.core.StandardEngineValve.invoke(StandardEngineValve.java:74) ~[tomcat-embed-core-10.1.19.jar:10.1.19]
	at org.apache.catalina.connector.CoyoteAdapter.service(CoyoteAdapter.java:344) ~[tomcat-embed-core-10.1.19.jar:10.1.19]
	at org.apache.coyote.http11.Http11Processor.service(Http11Processor.java:391) ~[tomcat-embed-core-10.1.19.jar:10.1.19]
	at org.apache.coyote.AbstractProcessorLight.process(AbstractProcessorLight.java:63) ~[tomcat-embed-core-10.1.19.jar:10.1.19]
	at org.apache.coyote.AbstractProtocol$ConnectionHandler.process(AbstractProtocol.java:896) ~[tomcat-embed-core-10.1.19.jar:10.1.19]
	at org.apache.tomcat.util.net.NioEndpoint$SocketProcessor.doRun(NioEndpoint.java:1744) ~[tomcat-embed-core-10.1.19.jar:10.1.19]
	at org.apache.tomcat.util.net.SocketProcessorBase.run(SocketProcessorBase.java:52) ~[tomcat-embed-core-10.1.19.jar:10.1.19]
	at org.apache.tomcat.util.threads.ThreadPoolExecutor.runWorker(ThreadPoolExecutor.java:1191) ~[tomcat-embed-core-10.1.19.jar:10.1.19]
	at org.apache.tomcat.util.threads.ThreadPoolExecutor$Worker.run(ThreadPoolExecutor.java:659) ~[tomcat-embed-core-10.1.19.jar:10.1.19]
	at org.apache.tomcat.util.threads.TaskThread$WrappingRunnable.run(TaskThread.java:63) ~[tomcat-embed-core-10.1.19.jar:10.1.19]
	at java.base/java.lang.Thread.run(Thread.java:1583) ~[na:na]

2024-03-12T16:34:39.725+02:00  INFO 7332 --- [SpringApplicationShutdownHook] j.LocalContainerEntityManagerFactoryBean : Closing JPA EntityManagerFactory for persistence unit 'default'
2024-03-12T16:34:39.735+02:00  INFO 7332 --- [SpringApplicationShutdownHook] com.zaxxer.hikari.HikariDataSource       : HikariPool-1 - Shutdown initiated...
2024-03-12T16:34:39.748+02:00  INFO 7332 --- [SpringApplicationShutdownHook] com.zaxxer.hikari.HikariDataSource       : HikariPool-1 - Shutdown completed.
2024-03-12T16:34:47.802+02:00  INFO 17392 --- [main] u.f.onlineshop.OnlineShopApplication     : Starting OnlineShopApplication using Java 21.0.1 with PID 17392 (C:\Projects\online-shop\target\classes started by vital in C:\Projects\online-shop)
2024-03-12T16:34:47.805+02:00  INFO 17392 --- [main] u.f.onlineshop.OnlineShopApplication     : No active profile set, falling back to 1 default profile: "default"
2024-03-12T16:34:48.961+02:00  INFO 17392 --- [main] .s.d.r.c.RepositoryConfigurationDelegate : Bootstrapping Spring Data JPA repositories in DEFAULT mode.
2024-03-12T16:34:49.060+02:00  INFO 17392 --- [main] .s.d.r.c.RepositoryConfigurationDelegate : Finished Spring Data repository scanning in 89 ms. Found 5 JPA repository interfaces.
2024-03-12T16:34:49.814+02:00  INFO 17392 --- [main] o.s.b.w.embedded.tomcat.TomcatWebServer  : Tomcat initialized with port 8080 (http)
2024-03-12T16:34:49.829+02:00  INFO 17392 --- [main] o.apache.catalina.core.StandardService   : Starting service [Tomcat]
2024-03-12T16:34:49.830+02:00  INFO 17392 --- [main] o.apache.catalina.core.StandardEngine    : Starting Servlet engine: [Apache Tomcat/10.1.19]
2024-03-12T16:34:49.977+02:00  INFO 17392 --- [main] o.a.c.c.C.[Tomcat].[localhost].[/]       : Initializing Spring embedded WebApplicationContext
2024-03-12T16:34:49.979+02:00  INFO 17392 --- [main] w.s.c.ServletWebServerApplicationContext : Root WebApplicationContext: initialization completed in 2090 ms
2024-03-12T16:34:50.106+02:00  INFO 17392 --- [main] com.zaxxer.hikari.HikariDataSource       : HikariPool-1 - Starting...
2024-03-12T16:34:50.373+02:00  INFO 17392 --- [main] com.zaxxer.hikari.pool.HikariPool        : HikariPool-1 - Added connection org.postgresql.jdbc.PgConnection@31723307
2024-03-12T16:34:50.377+02:00  INFO 17392 --- [main] com.zaxxer.hikari.HikariDataSource       : HikariPool-1 - Start completed.
2024-03-12T16:34:50.502+02:00  INFO 17392 --- [main] o.hibernate.jpa.internal.util.LogHelper  : HHH000204: Processing PersistenceUnitInfo [name: default]
2024-03-12T16:34:50.572+02:00  INFO 17392 --- [main] org.hibernate.Version                    : HHH000412: Hibernate ORM core version 6.4.4.Final
2024-03-12T16:34:50.624+02:00  INFO 17392 --- [main] o.h.c.internal.RegionFactoryInitiator    : HHH000026: Second-level cache disabled
2024-03-12T16:34:50.940+02:00  INFO 17392 --- [main] o.s.o.j.p.SpringPersistenceUnitInfo      : No LoadTimeWeaver setup: ignoring JPA class transformer
2024-03-12T16:34:52.460+02:00  INFO 17392 --- [main] o.h.e.t.j.p.i.JtaPlatformInitiator       : HHH000489: No JTA platform available (set 'hibernate.transaction.jta.platform' to enable JTA platform integration)
2024-03-12T16:34:52.619+02:00  INFO 17392 --- [main] j.LocalContainerEntityManagerFactoryBean : Initialized JPA EntityManagerFactory for persistence unit 'default'
2024-03-12T16:34:53.034+02:00  WARN 17392 --- [main] JpaBaseConfiguration$JpaWebConfiguration : spring.jpa.open-in-view is enabled by default. Therefore, database queries may be performed during view rendering. Explicitly configure spring.jpa.open-in-view to disable this warning
2024-03-12T16:34:53.571+02:00  INFO 17392 --- [main] o.s.b.w.embedded.tomcat.TomcatWebServer  : Tomcat started on port 8080 (http) with context path ''
2024-03-12T16:34:53.581+02:00  INFO 17392 --- [main] u.f.onlineshop.OnlineShopApplication     : Started OnlineShopApplication in 6.604 seconds (process running for 7.586)
2024-03-12T16:34:55.410+02:00  INFO 17392 --- [http-nio-8080-exec-1] o.a.c.c.C.[Tomcat].[localhost].[/]       : Initializing Spring DispatcherServlet 'dispatcherServlet'
2024-03-12T16:34:55.410+02:00  INFO 17392 --- [http-nio-8080-exec-1] o.s.web.servlet.DispatcherServlet        : Initializing Servlet 'dispatcherServlet'
2024-03-12T16:34:55.415+02:00  INFO 17392 --- [http-nio-8080-exec-1] o.s.web.servlet.DispatcherServlet        : Completed initialization in 4 ms
2024-03-12T16:35:34.046+02:00  WARN 17392 --- [http-nio-8080-exec-3] .w.s.m.s.DefaultHandlerExceptionResolver : Resolved [org.springframework.http.converter.HttpMessageNotReadableException: JSON parse error: Unexpected end-of-input: expected close marker for Object (start marker at [Source: (org.springframework.util.StreamUtils$NonClosingInputStream); line: 1, column: 5])]
2024-03-12T17:01:00.496+02:00  INFO 17392 --- [SpringApplicationShutdownHook] j.LocalContainerEntityManagerFactoryBean : Closing JPA EntityManagerFactory for persistence unit 'default'
2024-03-12T17:01:00.513+02:00  INFO 17392 --- [SpringApplicationShutdownHook] com.zaxxer.hikari.HikariDataSource       : HikariPool-1 - Shutdown initiated...
2024-03-12T17:01:00.534+02:00  INFO 17392 --- [SpringApplicationShutdownHook] com.zaxxer.hikari.HikariDataSource       : HikariPool-1 - Shutdown completed.
2024-03-12T17:03:20.083+02:00  INFO 17652 --- [main] u.f.onlineshop.OnlineShopApplication     : Starting OnlineShopApplication using Java 21.0.1 with PID 17652 (C:\Projects\online-shop\target\classes started by vital in C:\Projects\online-shop)
2024-03-12T17:03:20.087+02:00  INFO 17652 --- [main] u.f.onlineshop.OnlineShopApplication     : No active profile set, falling back to 1 default profile: "default"
2024-03-12T17:03:21.132+02:00  INFO 17652 --- [main] .s.d.r.c.RepositoryConfigurationDelegate : Bootstrapping Spring Data JPA repositories in DEFAULT mode.
2024-03-12T17:03:21.217+02:00  INFO 17652 --- [main] .s.d.r.c.RepositoryConfigurationDelegate : Finished Spring Data repository scanning in 73 ms. Found 5 JPA repository interfaces.
2024-03-12T17:03:21.959+02:00  INFO 17652 --- [main] o.s.b.w.embedded.tomcat.TomcatWebServer  : Tomcat initialized with port 8080 (http)
2024-03-12T17:03:21.975+02:00  INFO 17652 --- [main] o.apache.catalina.core.StandardService   : Starting service [Tomcat]
2024-03-12T17:03:21.975+02:00  INFO 17652 --- [main] o.apache.catalina.core.StandardEngine    : Starting Servlet engine: [Apache Tomcat/10.1.19]
2024-03-12T17:03:22.038+02:00  INFO 17652 --- [main] o.a.c.c.C.[Tomcat].[localhost].[/]       : Initializing Spring embedded WebApplicationContext
2024-03-12T17:03:22.039+02:00  INFO 17652 --- [main] w.s.c.ServletWebServerApplicationContext : Root WebApplicationContext: initialization completed in 1880 ms
2024-03-12T17:03:22.145+02:00  INFO 17652 --- [main] com.zaxxer.hikari.HikariDataSource       : HikariPool-1 - Starting...
2024-03-12T17:03:22.556+02:00  INFO 17652 --- [main] com.zaxxer.hikari.pool.HikariPool        : HikariPool-1 - Added connection org.postgresql.jdbc.PgConnection@2a4f8009
2024-03-12T17:03:22.559+02:00  INFO 17652 --- [main] com.zaxxer.hikari.HikariDataSource       : HikariPool-1 - Start completed.
2024-03-12T17:03:22.674+02:00  INFO 17652 --- [main] o.hibernate.jpa.internal.util.LogHelper  : HHH000204: Processing PersistenceUnitInfo [name: default]
2024-03-12T17:03:22.747+02:00  INFO 17652 --- [main] org.hibernate.Version                    : HHH000412: Hibernate ORM core version 6.4.4.Final
2024-03-12T17:03:22.796+02:00  INFO 17652 --- [main] o.h.c.internal.RegionFactoryInitiator    : HHH000026: Second-level cache disabled
2024-03-12T17:03:23.159+02:00  INFO 17652 --- [main] o.s.o.j.p.SpringPersistenceUnitInfo      : No LoadTimeWeaver setup: ignoring JPA class transformer
2024-03-12T17:03:24.776+02:00  INFO 17652 --- [main] o.h.e.t.j.p.i.JtaPlatformInitiator       : HHH000489: No JTA platform available (set 'hibernate.transaction.jta.platform' to enable JTA platform integration)
2024-03-12T17:03:24.933+02:00  INFO 17652 --- [main] j.LocalContainerEntityManagerFactoryBean : Initialized JPA EntityManagerFactory for persistence unit 'default'
2024-03-12T17:03:25.410+02:00  WARN 17652 --- [main] JpaBaseConfiguration$JpaWebConfiguration : spring.jpa.open-in-view is enabled by default. Therefore, database queries may be performed during view rendering. Explicitly configure spring.jpa.open-in-view to disable this warning
2024-03-12T17:03:26.012+02:00  INFO 17652 --- [main] o.s.b.w.embedded.tomcat.TomcatWebServer  : Tomcat started on port 8080 (http) with context path ''
2024-03-12T17:03:26.022+02:00  INFO 17652 --- [main] u.f.onlineshop.OnlineShopApplication     : Started OnlineShopApplication in 6.704 seconds (process running for 7.951)
2024-03-12T17:03:26.671+02:00  INFO 17652 --- [http-nio-8080-exec-1] o.a.c.c.C.[Tomcat].[localhost].[/]       : Initializing Spring DispatcherServlet 'dispatcherServlet'
2024-03-12T17:03:26.672+02:00  INFO 17652 --- [http-nio-8080-exec-1] o.s.web.servlet.DispatcherServlet        : Initializing Servlet 'dispatcherServlet'
2024-03-12T17:03:26.675+02:00  INFO 17652 --- [http-nio-8080-exec-1] o.s.web.servlet.DispatcherServlet        : Completed initialization in 3 ms
2024-03-12T17:06:38.488+02:00  INFO 17652 --- [SpringApplicationShutdownHook] j.LocalContainerEntityManagerFactoryBean : Closing JPA EntityManagerFactory for persistence unit 'default'
2024-03-12T17:06:38.513+02:00  INFO 17652 --- [SpringApplicationShutdownHook] com.zaxxer.hikari.HikariDataSource       : HikariPool-1 - Shutdown initiated...
2024-03-12T17:06:38.534+02:00  INFO 17652 --- [SpringApplicationShutdownHook] com.zaxxer.hikari.HikariDataSource       : HikariPool-1 - Shutdown completed.
2024-03-12T17:06:45.566+02:00  INFO 15548 --- [main] u.f.onlineshop.OnlineShopApplication     : Starting OnlineShopApplication using Java 21.0.1 with PID 15548 (C:\Projects\online-shop\target\classes started by vital in C:\Projects\online-shop)
2024-03-12T17:06:45.570+02:00  INFO 15548 --- [main] u.f.onlineshop.OnlineShopApplication     : No active profile set, falling back to 1 default profile: "default"
2024-03-12T17:06:46.535+02:00  INFO 15548 --- [main] .s.d.r.c.RepositoryConfigurationDelegate : Bootstrapping Spring Data JPA repositories in DEFAULT mode.
2024-03-12T17:06:46.629+02:00  INFO 15548 --- [main] .s.d.r.c.RepositoryConfigurationDelegate : Finished Spring Data repository scanning in 82 ms. Found 5 JPA repository interfaces.
2024-03-12T17:06:47.329+02:00  INFO 15548 --- [main] o.s.b.w.embedded.tomcat.TomcatWebServer  : Tomcat initialized with port 8080 (http)
2024-03-12T17:06:47.348+02:00  INFO 15548 --- [main] o.apache.catalina.core.StandardService   : Starting service [Tomcat]
2024-03-12T17:06:47.349+02:00  INFO 15548 --- [main] o.apache.catalina.core.StandardEngine    : Starting Servlet engine: [Apache Tomcat/10.1.19]
2024-03-12T17:06:47.464+02:00  INFO 15548 --- [main] o.a.c.c.C.[Tomcat].[localhost].[/]       : Initializing Spring embedded WebApplicationContext
2024-03-12T17:06:47.465+02:00  INFO 15548 --- [main] w.s.c.ServletWebServerApplicationContext : Root WebApplicationContext: initialization completed in 1828 ms
2024-03-12T17:06:47.619+02:00  INFO 15548 --- [main] com.zaxxer.hikari.HikariDataSource       : HikariPool-1 - Starting...
2024-03-12T17:06:47.863+02:00  INFO 15548 --- [main] com.zaxxer.hikari.pool.HikariPool        : HikariPool-1 - Added connection org.postgresql.jdbc.PgConnection@7d42404e
2024-03-12T17:06:47.865+02:00  INFO 15548 --- [main] com.zaxxer.hikari.HikariDataSource       : HikariPool-1 - Start completed.
2024-03-12T17:06:47.968+02:00  INFO 15548 --- [main] o.hibernate.jpa.internal.util.LogHelper  : HHH000204: Processing PersistenceUnitInfo [name: default]
2024-03-12T17:06:48.041+02:00  INFO 15548 --- [main] org.hibernate.Version                    : HHH000412: Hibernate ORM core version 6.4.4.Final
2024-03-12T17:06:48.095+02:00  INFO 15548 --- [main] o.h.c.internal.RegionFactoryInitiator    : HHH000026: Second-level cache disabled
2024-03-12T17:06:48.507+02:00  INFO 15548 --- [main] o.s.o.j.p.SpringPersistenceUnitInfo      : No LoadTimeWeaver setup: ignoring JPA class transformer
2024-03-12T17:06:49.977+02:00  INFO 15548 --- [main] o.h.e.t.j.p.i.JtaPlatformInitiator       : HHH000489: No JTA platform available (set 'hibernate.transaction.jta.platform' to enable JTA platform integration)
2024-03-12T17:06:50.131+02:00  INFO 15548 --- [main] j.LocalContainerEntityManagerFactoryBean : Initialized JPA EntityManagerFactory for persistence unit 'default'
2024-03-12T17:06:50.644+02:00  WARN 15548 --- [main] JpaBaseConfiguration$JpaWebConfiguration : spring.jpa.open-in-view is enabled by default. Therefore, database queries may be performed during view rendering. Explicitly configure spring.jpa.open-in-view to disable this warning
2024-03-12T17:06:51.161+02:00  INFO 15548 --- [main] o.s.b.w.embedded.tomcat.TomcatWebServer  : Tomcat started on port 8080 (http) with context path ''
2024-03-12T17:06:51.170+02:00  INFO 15548 --- [main] u.f.onlineshop.OnlineShopApplication     : Started OnlineShopApplication in 6.334 seconds (process running for 7.277)
2024-03-12T17:06:54.304+02:00  INFO 15548 --- [http-nio-8080-exec-2] o.a.c.c.C.[Tomcat].[localhost].[/]       : Initializing Spring DispatcherServlet 'dispatcherServlet'
2024-03-12T17:06:54.304+02:00  INFO 15548 --- [http-nio-8080-exec-2] o.s.web.servlet.DispatcherServlet        : Initializing Servlet 'dispatcherServlet'
2024-03-12T17:06:54.309+02:00  INFO 15548 --- [http-nio-8080-exec-2] o.s.web.servlet.DispatcherServlet        : Completed initialization in 3 ms
2024-03-12T17:14:25.837+02:00  INFO 15548 --- [SpringApplicationShutdownHook] j.LocalContainerEntityManagerFactoryBean : Closing JPA EntityManagerFactory for persistence unit 'default'
2024-03-12T17:14:25.853+02:00  INFO 15548 --- [SpringApplicationShutdownHook] com.zaxxer.hikari.HikariDataSource       : HikariPool-1 - Shutdown initiated...
2024-03-12T17:14:25.869+02:00  INFO 15548 --- [SpringApplicationShutdownHook] com.zaxxer.hikari.HikariDataSource       : HikariPool-1 - Shutdown completed.
2024-03-12T17:14:34.588+02:00  INFO 16832 --- [main] u.f.onlineshop.OnlineShopApplication     : Starting OnlineShopApplication using Java 21.0.1 with PID 16832 (C:\Projects\online-shop\target\classes started by vital in C:\Projects\online-shop)
2024-03-12T17:14:34.593+02:00  INFO 16832 --- [main] u.f.onlineshop.OnlineShopApplication     : No active profile set, falling back to 1 default profile: "default"
2024-03-12T17:14:35.565+02:00  INFO 16832 --- [main] .s.d.r.c.RepositoryConfigurationDelegate : Bootstrapping Spring Data JPA repositories in DEFAULT mode.
2024-03-12T17:14:35.664+02:00  INFO 16832 --- [main] .s.d.r.c.RepositoryConfigurationDelegate : Finished Spring Data repository scanning in 89 ms. Found 5 JPA repository interfaces.
2024-03-12T17:14:36.596+02:00  INFO 16832 --- [main] o.s.b.w.embedded.tomcat.TomcatWebServer  : Tomcat initialized with port 8080 (http)
2024-03-12T17:14:36.615+02:00  INFO 16832 --- [main] o.apache.catalina.core.StandardService   : Starting service [Tomcat]
2024-03-12T17:14:36.615+02:00  INFO 16832 --- [main] o.apache.catalina.core.StandardEngine    : Starting Servlet engine: [Apache Tomcat/10.1.19]
2024-03-12T17:14:36.681+02:00  INFO 16832 --- [main] o.a.c.c.C.[Tomcat].[localhost].[/]       : Initializing Spring embedded WebApplicationContext
2024-03-12T17:14:36.682+02:00  INFO 16832 --- [main] w.s.c.ServletWebServerApplicationContext : Root WebApplicationContext: initialization completed in 2005 ms
2024-03-12T17:14:36.808+02:00  INFO 16832 --- [main] com.zaxxer.hikari.HikariDataSource       : HikariPool-1 - Starting...
2024-03-12T17:14:37.167+02:00  INFO 16832 --- [main] com.zaxxer.hikari.pool.HikariPool        : HikariPool-1 - Added connection org.postgresql.jdbc.PgConnection@6af5b246
2024-03-12T17:14:37.169+02:00  INFO 16832 --- [main] com.zaxxer.hikari.HikariDataSource       : HikariPool-1 - Start completed.
2024-03-12T17:14:37.273+02:00  INFO 16832 --- [main] o.hibernate.jpa.internal.util.LogHelper  : HHH000204: Processing PersistenceUnitInfo [name: default]
2024-03-12T17:14:37.347+02:00  INFO 16832 --- [main] org.hibernate.Version                    : HHH000412: Hibernate ORM core version 6.4.4.Final
2024-03-12T17:14:37.401+02:00  INFO 16832 --- [main] o.h.c.internal.RegionFactoryInitiator    : HHH000026: Second-level cache disabled
2024-03-12T17:14:37.765+02:00  INFO 16832 --- [main] o.s.o.j.p.SpringPersistenceUnitInfo      : No LoadTimeWeaver setup: ignoring JPA class transformer
2024-03-12T17:14:39.493+02:00  INFO 16832 --- [main] o.h.e.t.j.p.i.JtaPlatformInitiator       : HHH000489: No JTA platform available (set 'hibernate.transaction.jta.platform' to enable JTA platform integration)
2024-03-12T17:14:39.695+02:00  INFO 16832 --- [main] j.LocalContainerEntityManagerFactoryBean : Initialized JPA EntityManagerFactory for persistence unit 'default'
2024-03-12T17:14:40.265+02:00  WARN 16832 --- [main] JpaBaseConfiguration$JpaWebConfiguration : spring.jpa.open-in-view is enabled by default. Therefore, database queries may be performed during view rendering. Explicitly configure spring.jpa.open-in-view to disable this warning
2024-03-12T17:14:40.875+02:00  INFO 16832 --- [main] o.s.b.w.embedded.tomcat.TomcatWebServer  : Tomcat started on port 8080 (http) with context path ''
2024-03-12T17:14:40.885+02:00  INFO 16832 --- [main] u.f.onlineshop.OnlineShopApplication     : Started OnlineShopApplication in 7.099 seconds (process running for 8.044)
2024-03-12T17:15:40.960+02:00  INFO 16832 --- [http-nio-8080-exec-3] o.a.c.c.C.[Tomcat].[localhost].[/]       : Initializing Spring DispatcherServlet 'dispatcherServlet'
2024-03-12T17:15:40.962+02:00  INFO 16832 --- [http-nio-8080-exec-3] o.s.web.servlet.DispatcherServlet        : Initializing Servlet 'dispatcherServlet'
2024-03-12T17:15:40.976+02:00  INFO 16832 --- [http-nio-8080-exec-3] o.s.web.servlet.DispatcherServlet        : Completed initialization in 14 ms
2024-03-12T17:17:05.351+02:00  INFO 16832 --- [SpringApplicationShutdownHook] j.LocalContainerEntityManagerFactoryBean : Closing JPA EntityManagerFactory for persistence unit 'default'
2024-03-12T17:17:05.364+02:00  INFO 16832 --- [SpringApplicationShutdownHook] com.zaxxer.hikari.HikariDataSource       : HikariPool-1 - Shutdown initiated...
2024-03-12T17:17:05.373+02:00  INFO 16832 --- [SpringApplicationShutdownHook] com.zaxxer.hikari.HikariDataSource       : HikariPool-1 - Shutdown completed.
